#! /usr/bin/vvp
:ivl_version "10.1 (stable)";
:ivl_delay_selection "TYPICAL";
:vpi_time_precision + 0;
:vpi_module "system";
:vpi_module "vhdl_sys";
:vpi_module "v2005_math";
:vpi_module "va_math";
:vpi_module "v2009";
S_0x7fffda892510 .scope module, "top_module" "top_module" 2 1;
 .timescale 0 0;
v0x7fffda892690_0 .var "clk", 0 0;
v0x7fffda8b2710_0 .var "reset", 0 0;
v0x7fffda8b27d0_0 .var "t", 0 0;
    .scope S_0x7fffda892510;
T_0 ;
    %pushi/vec4 0, 0, 1;
    %store/vec4 v0x7fffda892690_0, 0, 1;
    %pushi/vec4 1, 0, 1;
    %store/vec4 v0x7fffda8b2710_0, 0, 1;
    %delay 10, 0;
    %pushi/vec4 0, 0, 1;
    %store/vec4 v0x7fffda8b2710_0, 0, 1;
    %pushi/vec4 1, 0, 1;
    %store/vec4 v0x7fffda8b27d0_0, 0, 1;
    %end;
    .thread T_0;
    .scope S_0x7fffda892510;
T_1 ;
    %delay 5, 0;
    %load/vec4 v0x7fffda892690_0;
    %inv;
    %store/vec4 v0x7fffda892690_0, 0, 1;
    %jmp T_1;
    .thread T_1;
# The file index is used to find the file name in the following table.
:file_names 3;
    "N/A";
    "<interactive>";
    "test.sv";
